Copyright 1986-2018 Xilinx, Inc. All Rights Reserved.
------------------------------------------------------------------------------------
| Tool Version : Vivado v.2018.2 (win64) Build 2258646 Thu Jun 14 20:03:12 MDT 2018
| Date         : Thu Oct 18 18:23:20 2018
| Host         : DESKTOP-IL90O25 running 64-bit major release  (build 9200)
| Command      : report_control_sets -verbose -file rgb_control_sets_placed.rpt
| Design       : rgb
| Device       : xc7a35ti
------------------------------------------------------------------------------------

Control Set Information

Table of Contents
-----------------
1. Summary
2. Histogram
3. Flip-Flop Distribution
4. Detailed Control Set Information

1. Summary
----------

+----------------------------------------------------------+-------+
|                          Status                          | Count |
+----------------------------------------------------------+-------+
| Number of unique control sets                            |     2 |
| Unused register locations in slices containing registers |     6 |
+----------------------------------------------------------+-------+


2. Histogram
------------

+--------+--------------+
| Fanout | Control Sets |
+--------+--------------+
|      4 |            1 |
|    16+ |            1 |
+--------+--------------+


3. Flip-Flop Distribution
-------------------------

+--------------+-----------------------+------------------------+-----------------+--------------+
| Clock Enable | Synchronous Set/Reset | Asynchronous Set/Reset | Total Registers | Total Slices |
+--------------+-----------------------+------------------------+-----------------+--------------+
| No           | No                    | No                     |               4 |            1 |
| No           | No                    | Yes                    |              86 |           13 |
| No           | Yes                   | No                     |               0 |            0 |
| Yes          | No                    | No                     |               0 |            0 |
| Yes          | No                    | Yes                    |               0 |            0 |
| Yes          | Yes                   | No                     |               0 |            0 |
+--------------+-----------------------+------------------------+-----------------+--------------+


4. Detailed Control Set Information
-----------------------------------

+-------------------------------------------+---------------+---------------------------------+------------------+----------------+
|                Clock Signal               | Enable Signal |         Set/Reset Signal        | Slice Load Count | Bel Load Count |
+-------------------------------------------+---------------+---------------------------------+------------------+----------------+
|  FSM_sequential_next_state_reg[1]_i_2_n_0 |               |                                 |                1 |              4 |
|  clk_IBUF_BUFG                            |               | FSM_sequential_state[1]_i_1_n_0 |               13 |             86 |
+-------------------------------------------+---------------+---------------------------------+------------------+----------------+


